#
# A fatal error has been detected by the Java Runtime Environment:
#
#  Internal Error (javaClasses.cpp:129), pid=9400, tid=8924
#  fatal error: Invalid layout of preloaded class
#
# JRE version: 7.0_10-b18
# Java VM: Java HotSpot(TM) Client VM (23.6-b04 mixed mode windows-x86 )
# Failed to write core dump. Minidumps are not enabled by default on client versions of Windows
#
# If you would like to submit a bug report, please visit:
#   http://bugreport.sun.com/bugreport/crash.jsp
#

---------------  T H R E A D  ---------------

Current thread (0x0126b400):  JavaThread "Unknown thread" [_thread_in_vm, id=8924, stack(0x011d0000,0x01220000)]

Stack: [0x011d0000,0x01220000],  sp=0x0121f84c,  free space=318k
Native frames: (J=compiled Java code, j=interpreted, Vv=VM code, C=native code)
V  [jvm.dll+0x16f311]
V  [jvm.dll+0x1694c6]
V  [jvm.dll+0x2082f]
V  [jvm.dll+0x208b6]
V  [jvm.dll+0x2e64d]
V  [jvm.dll+0x2e8f9]
V  [jvm.dll+0x77d01]
V  [jvm.dll+0x780bb]
V  [jvm.dll+0x129101]
V  [jvm.dll+0x149baa]
V  [jvm.dll+0xa997f]
C  [javaw.exe+0x13ca]
C  [javaw.exe+0x1e3c]
C  [javaw.exe+0xa5e3]
C  [javaw.exe+0xa66d]
C  [kernel32.dll+0x4ed6c]  BaseThreadInitThunk+0x12
C  [ntdll.dll+0x6377b]  RtlInitializeExceptionChain+0xef
C  [ntdll.dll+0x6374e]  RtlInitializeExceptionChain+0xc2


---------------  P R O C E S S  ---------------

Java Threads: ( => current thread )

Other Threads:

=>0x0126b400 (exited) JavaThread "Unknown thread" [_thread_in_vm, id=8924, stack(0x011d0000,0x01220000)]

VM state:not at safepoint (not fully initialized)

VM Mutex/Monitor currently owned by a thread: None

GC Heap History (0 events):
No events

Deoptimization events (0 events):
No events

Internal exceptions (0 events):
No events

Events (10 events):
Event: 0.127 loading class 0x01603b10 done
Event: 0.127 loading class 0x0126fd48 done
Event: 0.127 loading class 0x0126fd20
Event: 0.128 loading class 0x01676d58
Event: 0.128 loading class 0x01676d58 done
Event: 0.128 loading class 0x01676d90
Event: 0.128 loading class 0x01676d90 done
Event: 0.128 loading class 0x0166cbc8
Event: 0.128 loading class 0x0166cbc8 done
Event: 0.128 loading class 0x0126fd20 done


Dynamic libraries:
0x003a0000 - 0x003cf000 	C:\Program Files\Java\jre7\bin\javaw.exe
0x77700000 - 0x7783c000 	C:\Windows\SYSTEM32\ntdll.dll
0x76ae0000 - 0x76bb4000 	C:\Windows\system32\kernel32.dll
0x75770000 - 0x757bb000 	C:\Windows\system32\KERNELBASE.dll
0x76d90000 - 0x76e30000 	C:\Windows\system32\ADVAPI32.dll
0x75ae0000 - 0x75b8c000 	C:\Windows\system32\msvcrt.dll
0x77870000 - 0x77889000 	C:\Windows\SYSTEM32\sechost.dll
0x76a30000 - 0x76ad1000 	C:\Windows\system32\RPCRT4.dll
0x77430000 - 0x774f9000 	C:\Windows\system32\USER32.dll
0x758d0000 - 0x7591e000 	C:\Windows\system32\GDI32.dll
0x77860000 - 0x7786a000 	C:\Windows\system32\LPK.dll
0x77540000 - 0x775dd000 	C:\Windows\system32\USP10.dll
0x74110000 - 0x742ae000 	C:\Windows\WinSxS\x86_microsoft.windows.common-controls_6595b64144ccf1df_6.0.7601.17514_none_41e6975e2bd6f2b2\COMCTL32.dll
0x767e0000 - 0x76837000 	C:\Windows\system32\SHLWAPI.dll
0x76ce0000 - 0x76cff000 	C:\Windows\system32\IMM32.DLL
0x76ff0000 - 0x770bc000 	C:\Windows\system32\MSCTF.dll
0x75500000 - 0x75538000 	C:\Windows\system32\nvinit.dll
0x54d10000 - 0x54dcd000 	C:\Program Files\Java\jre7\bin\msvcr100.dll
0x6e690000 - 0x6e9dc000 	C:\Program Files\Java\jre7\bin\client\jvm.dll
0x701c0000 - 0x701c7000 	C:\Windows\system32\WSOCK32.dll
0x77500000 - 0x77535000 	C:\Windows\system32\WS2_32.dll
0x77850000 - 0x77856000 	C:\Windows\system32\NSI.dll
0x757c0000 - 0x757f2000 	C:\Windows\system32\WINMM.dll
0x77920000 - 0x77925000 	C:\Windows\system32\PSAPI.DLL
0x746e0000 - 0x746ec000 	C:\Program Files\Java\jre7\bin\verify.dll
0x5c600000 - 0x5c620000 	C:\Program Files\Java\jre7\bin\java.dll
0x5c5e0000 - 0x5c5f3000 	C:\Program Files\Java\jre7\bin\zip.dll
0x177f0000 - 0x178db000 	C:\Windows\system32\dbghelp.dll

VM Arguments:
jvm_args: -Dfile.encoding=GBK -Xbootclasspath:D:\Program Files\android-sdk-windows\platforms\android-16\android.jar;D:\workspace\ClassTable04\libs\jsoup-1.6.1.jar 
java_command: org.jsoup.examples.ListLinks
Launcher Type: SUN_STANDARD

Environment Variables:
JAVA_HOME=C:\Program Files\Java\jdk1.7.0_10
CLASSPATH=.;C:\Program Files\Java\jdk1.7.0_10\lib\dt.jar;C:\Program Files\Java\jdk1.7.0_10\lib\tools.jar;D:\Program Files\apache-tomcat-7.0.32\lib\servlet-api.jar;
PATH=C:/Program Files/Java/jre7/bin/client;C:/Program Files/Java/jre7/bin;C:/Program Files/Java/jre7/lib/i386;C:\Windows\system32;C:\Windows;C:\Windows\System32\Wbem;C:\Program Files\Java\jdk1.6.0_26\bin;D:\Program Files\android-sdk-windows\tools;c:\Program Files\Microsoft SQL Server\100\Tools\Binn\;c:\Program Files\Microsoft SQL Server\100\DTS\Binn\;C:\Program Files\Java\jdk1.7.0_10\bin;C:\Program Files\Java\jdk1.7.0_10\jre\bin;D:\Program Files\android-sdk-windows\platform-tools;D:\Program Files\apache-tomcat-7.0.32\lib;C:\Program Files\IDM Computer Solutions\UltraEdit\;D:\Program Files\eclipse;
USERNAME=zhuxiao
OS=Windows_NT
PROCESSOR_IDENTIFIER=x86 Family 6 Model 42 Stepping 7, GenuineIntel



---------------  S Y S T E M  ---------------

OS: Windows 7 Build 7601 Service Pack 1

CPU:total 4 (2 cores per cpu, 2 threads per core) family 6 model 42 stepping 7, cmov, cx8, fxsr, mmx, sse, sse2, sse3, ssse3, sse4.1, sse4.2, popcnt, avx, ht, tsc, tscinvbit

Memory: 4k page, physical 3254620k(428304k free), swap 6507484k(2104540k free)

vm_info: Java HotSpot(TM) Client VM (23.6-b04) for windows-x86 JRE (1.7.0_10-b18), built on Nov 28 2012 08:34:29 by "java_re" with unknown MS VC++:1600

time: Sat Mar 09 15:42:54 2013
elapsed time: 0 seconds

